{"level":"info","message":"Loading Mongoose functionality"}
{"level":"info","message":"Starting application"}
{"level":"info","message":"HTTP Server listening on port: %d, in %s mode"}
{"level":"info","message":"Mongoose connected to the database"}
{"level":"info","message":"Creating user"}
{"level":"error","message":"File not found"}
{"level":"info","message":"Get all users"}
{"level":"info","message":"Get all users"}
{"level":"info","message":"Creating user"}
{"level":"info","message":"Get all users"}
{"level":"info","message":"Creating user"}
{"level":"info","message":"Get all users"}
{"level":"info","message":"Get all users"}
{"level":"info","message":"Creating user"}
{"level":"info","message":"Get all users"}
{"level":"info","message":"Get all users"}
{"level":"info","message":"Creating user"}
{"level":"info","message":"Get all users"}
{"level":"info","message":"Getting a HelpTickets Content"}
{"level":"info","message":"Getting a HelpTickets Content"}
{"level":"info","message":"Loading Mongoose functionality"}
{"level":"info","message":"Starting application"}
{"level":"info","message":"HTTP Server listening on port: %d, in %s mode"}
{"level":"info","message":"Mongoose connected to the database"}
{"level":"info","message":"Creating user"}
{"level":"info","message":"Get all users"}
{"level":"info","message":"Updating user"}
{"level":"info","message":"Get all users"}
{"level":"info","message":"Updating user"}
{"level":"info","message":"Get all users"}
